<?xml version="1.0" encoding="UTF-8"?>
<!-- Generated by org.testng.reporters.JUnitReportReporter -->
<testsuite hostname="LAP12740" name="Default_Theme.DKVM" tests="23" failures="1" timestamp="7 Oct 2019 03:35:01 GMT" time="80.103" errors="0">
  <testcase name="TC_09_paymentBank3" time="6.836" classname="Default_Theme.DKVM"/>
  <testcase name="genZingCardCode" time="1.210" classname="Default_Theme.DKVM"/>
  <testcase name="TC_04_ZaloPay_invalidAmount" time="1.806" classname="Default_Theme.DKVM"/>
  <testcase name="TC_10_paymentCreditInvalidAmount" time="2.297" classname="Default_Theme.DKVM"/>
  <testcase name="TC_03_correctZingCard" time="2.796" classname="Default_Theme.DKVM">
    <failure type="java.lang.AssertionError" message="expected [Giao dịch thành công] but found [Giao dịch không thành công]">
      <![CDATA[java.lang.AssertionError: expected [Giao dịch thành công] but found [Giao dịch không thành công]
	at org.testng.Assert.fail(Assert.java:94)
	at org.testng.Assert.failNotEquals(Assert.java:496)
	at org.testng.Assert.assertEquals(Assert.java:125)
	at org.testng.Assert.assertEquals(Assert.java:178)
	at org.testng.Assert.assertEquals(Assert.java:188)
	at Default_Theme.DKVM.TC_03_correctZingCard(DKVM.java:126)
	at sun.reflect.NativeMethodAccessorImpl.invoke0(Native Method)
	at sun.reflect.NativeMethodAccessorImpl.invoke(Unknown Source)
	at sun.reflect.DelegatingMethodAccessorImpl.invoke(Unknown Source)
	at java.lang.reflect.Method.invoke(Unknown Source)
	at org.testng.internal.MethodInvocationHelper.invokeMethod(MethodInvocationHelper.java:85)
	at org.testng.internal.Invoker.invokeMethod(Invoker.java:639)
	at org.testng.internal.Invoker.invokeTestMethod(Invoker.java:816)
	at org.testng.internal.Invoker.invokeTestMethods(Invoker.java:1124)
	at org.testng.internal.TestMethodWorker.invokeTestMethods(TestMethodWorker.java:125)
	at org.testng.internal.TestMethodWorker.run(TestMethodWorker.java:108)
	at org.testng.TestRunner.privateRun(TestRunner.java:774)
	at org.testng.TestRunner.run(TestRunner.java:624)
	at org.testng.SuiteRunner.runTest(SuiteRunner.java:359)
	at org.testng.SuiteRunner.runSequentially(SuiteRunner.java:354)
	at org.testng.SuiteRunner.privateRun(SuiteRunner.java:312)
	at org.testng.SuiteRunner.run(SuiteRunner.java:261)
	at org.testng.SuiteRunnerWorker.runSuite(SuiteRunnerWorker.java:52)
	at org.testng.SuiteRunnerWorker.run(SuiteRunnerWorker.java:86)
	at org.testng.TestNG.runSuitesSequentially(TestNG.java:1215)
	at org.testng.TestNG.runSuitesLocally(TestNG.java:1140)
	at org.testng.TestNG.run(TestNG.java:1048)
	at org.testng.remote.RemoteTestNG.run(RemoteTestNG.java:112)
	at org.testng.remote.RemoteTestNG.initAndRun(RemoteTestNG.java:205)
	at org.testng.remote.RemoteTestNG.main(RemoteTestNG.java:176)
]]>
    </failure>
  </testcase> <!-- TC_03_correctZingCard -->
  <testcase name="TC_08_paymentBank2" time="8.180" classname="Default_Theme.DKVM"/>
  <testcase name="TC_10_paymentCreditInvalidAmount" time="2.029" classname="Default_Theme.DKVM"/>
  <testcase name="TC_06_paymentWrongAmountBank" time="2.109" classname="Default_Theme.DKVM"/>
  <testcase name="TC_05_ZaloPay_validAmount" time="2.711" classname="Default_Theme.DKVM"/>
  <testcase name="TC_06_paymentWrongAmountBank" time="2.143" classname="Default_Theme.DKVM"/>
  <testcase name="TC_07_paymentBank1" time="16.561" classname="Default_Theme.DKVM"/>
  <testcase name="TC_05_ZaloPay_validAmount" time="2.688" classname="Default_Theme.DKVM"/>
  <testcase name="TC_05_ZaloPay_validAmount" time="2.937" classname="Default_Theme.DKVM"/>
  <testcase name="TC_04_ZaloPay_invalidAmount" time="1.744" classname="Default_Theme.DKVM"/>
  <testcase name="TC_10_paymentCreditInvalidAmount" time="2.136" classname="Default_Theme.DKVM"/>
  <testcase name="TC_11_paymentCredit" time="6.112" classname="Default_Theme.DKVM"/>
  <testcase name="TC_01_Login" time="0.728" classname="Default_Theme.DKVM"/>
  <testcase name="TC_06_paymentWrongAmountBank" time="1.979" classname="Default_Theme.DKVM"/>
  <testcase name="TC_06_paymentWrongAmountBank" time="2.532" classname="Default_Theme.DKVM"/>
  <testcase name="TC_01_Login2" time="4.323" classname="Default_Theme.DKVM"/>
  <testcase name="TC_04_ZaloPay_invalidAmount" time="1.797" classname="Default_Theme.DKVM"/>
  <testcase name="TC_02_wrongZingCard" time="2.306" classname="Default_Theme.DKVM"/>
  <testcase name="TC_10_paymentCreditInvalidAmount" time="2.143" classname="Default_Theme.DKVM"/>
</testsuite> <!-- Default_Theme.DKVM -->
